<?xml version="1.0" encoding="UTF-8"?>
<testsuite xmlns:xsi="http://www.w3.org/2001/XMLSchema-instance" xsi:noNamespaceSchemaLocation="https://maven.apache.org/surefire/maven-surefire-plugin/xsd/surefire-test-report.xsd" name="TestSuite" time="0.434" tests="0" errors="0" skipped="0" failures="0">
  <properties>
    <property name="sun.desktop" value="windows"/>
    <property name="awt.toolkit" value="sun.awt.windows.WToolkit"/>
    <property name="file.encoding.pkg" value="sun.io"/>
    <property name="java.specification.version" value="1.8"/>
    <property name="sun.cpu.isalist" value="amd64"/>
    <property name="sun.jnu.encoding" value="Cp1252"/>
    <property name="java.class.path" value="C:\Users\kalidass\Documents\workspace-sts-3.9.1.RELEASE\WebdriverTest\target\test-classes;C:\Users\kalidass\Documents\workspace-sts-3.9.1.RELEASE\WebdriverTest\target\classes;C:\Users\kalidass\.m2\repository\org\seleniumhq\selenium\selenium-java\3.8.0\selenium-java-3.8.0.jar;C:\Users\kalidass\.m2\repository\org\seleniumhq\selenium\selenium-api\3.8.0\selenium-api-3.8.0.jar;C:\Users\kalidass\.m2\repository\org\seleniumhq\selenium\selenium-chrome-driver\3.8.0\selenium-chrome-driver-3.8.0.jar;C:\Users\kalidass\.m2\repository\org\seleniumhq\selenium\selenium-edge-driver\3.8.0\selenium-edge-driver-3.8.0.jar;C:\Users\kalidass\.m2\repository\org\seleniumhq\selenium\selenium-firefox-driver\3.8.0\selenium-firefox-driver-3.8.0.jar;C:\Users\kalidass\.m2\repository\org\seleniumhq\selenium\selenium-ie-driver\3.8.0\selenium-ie-driver-3.8.0.jar;C:\Users\kalidass\.m2\repository\org\seleniumhq\selenium\selenium-opera-driver\3.8.0\selenium-opera-driver-3.8.0.jar;C:\Users\kalidass\.m2\repository\org\seleniumhq\selenium\selenium-safari-driver\3.8.0\selenium-safari-driver-3.8.0.jar;C:\Users\kalidass\.m2\repository\org\seleniumhq\selenium\selenium-support\3.8.0\selenium-support-3.8.0.jar;C:\Users\kalidass\.m2\repository\net\bytebuddy\byte-buddy\1.7.5\byte-buddy-1.7.5.jar;C:\Users\kalidass\.m2\repository\org\apache\commons\commons-exec\1.3\commons-exec-1.3.jar;C:\Users\kalidass\.m2\repository\commons-codec\commons-codec\1.10\commons-codec-1.10.jar;C:\Users\kalidass\.m2\repository\commons-logging\commons-logging\1.2\commons-logging-1.2.jar;C:\Users\kalidass\.m2\repository\com\google\code\gson\gson\2.8.2\gson-2.8.2.jar;C:\Users\kalidass\.m2\repository\com\google\guava\guava\23.0\guava-23.0.jar;C:\Users\kalidass\.m2\repository\com\google\code\findbugs\jsr305\1.3.9\jsr305-1.3.9.jar;C:\Users\kalidass\.m2\repository\com\google\errorprone\error_prone_annotations\2.0.18\error_prone_annotations-2.0.18.jar;C:\Users\kalidass\.m2\repository\com\google\j2objc\j2objc-annotations\1.1\j2objc-annotations-1.1.jar;C:\Users\kalidass\.m2\repository\org\codehaus\mojo\animal-sniffer-annotations\1.14\animal-sniffer-annotations-1.14.jar;C:\Users\kalidass\.m2\repository\org\apache\httpcomponents\httpclient\4.5.3\httpclient-4.5.3.jar;C:\Users\kalidass\.m2\repository\org\apache\httpcomponents\httpcore\4.4.6\httpcore-4.4.6.jar;C:\Users\kalidass\.m2\repository\org\seleniumhq\selenium\selenium-remote-driver\3.8.0\selenium-remote-driver-3.8.0.jar;C:\Users\kalidass\.m2\repository\org\testng\testng\6.13.1\testng-6.13.1.jar;C:\Users\kalidass\.m2\repository\com\beust\jcommander\1.72\jcommander-1.72.jar;C:\Users\kalidass\.m2\repository\net\sf\ucanaccess\ucanaccess\4.0.2\ucanaccess-4.0.2.jar;C:\Users\kalidass\.m2\repository\org\hsqldb\hsqldb\2.3.1\hsqldb-2.3.1.jar;C:\Users\kalidass\.m2\repository\com\healthmarketscience\jackcess\jackcess\2.1.6\jackcess-2.1.6.jar;C:\Users\kalidass\.m2\repository\commons-lang\commons-lang\2.6\commons-lang-2.6.jar;C:\Users\kalidass\.m2\repository\org\mockito\mockito-core\2.7.22\mockito-core-2.7.22.jar;C:\Users\kalidass\.m2\repository\net\bytebuddy\byte-buddy-agent\1.6.11\byte-buddy-agent-1.6.11.jar;C:\Users\kalidass\.m2\repository\org\objenesis\objenesis\2.5\objenesis-2.5.jar;C:\Users\kalidass\.m2\repository\org\apache\maven\surefire\surefire-testng-utils\2.21.0\surefire-testng-utils-2.21.0.jar;C:\Users\kalidass\.m2\repository\org\apache\maven\surefire\surefire-grouper\2.21.0\surefire-grouper-2.21.0.jar;"/>
    <property name="java.vm.vendor" value="Oracle Corporation"/>
    <property name="sun.arch.data.model" value="64"/>
    <property name="user.variant" value=""/>
    <property name="java.vendor.url" value="http://java.oracle.com/"/>
    <property name="user.timezone" value=""/>
    <property name="java.vm.specification.version" value="1.8"/>
    <property name="os.name" value="Windows Server 2016"/>
    <property name="user.country" value="US"/>
    <property name="sun.java.launcher" value="SUN_STANDARD"/>
    <property name="sun.boot.library.path" value="C:\Opt\Java\jdk1.8.0_151\jre\bin"/>
    <property name="sun.java.command" value="C:\Users\kalidass\AppData\Local\Temp\2\surefire5788424925750246065\surefirebooter2182718628261531156.jar C:\Users\kalidass\AppData\Local\Temp\2\surefire5788424925750246065 2018-05-08T17-25-00_902-jvmRun1 surefire5795395468500184047tmp surefire_06200331832763103504tmp"/>
    <property name="surefire.test.class.path" value="C:\Users\kalidass\Documents\workspace-sts-3.9.1.RELEASE\WebdriverTest\target\test-classes;C:\Users\kalidass\Documents\workspace-sts-3.9.1.RELEASE\WebdriverTest\target\classes;C:\Users\kalidass\.m2\repository\org\seleniumhq\selenium\selenium-java\3.8.0\selenium-java-3.8.0.jar;C:\Users\kalidass\.m2\repository\org\seleniumhq\selenium\selenium-api\3.8.0\selenium-api-3.8.0.jar;C:\Users\kalidass\.m2\repository\org\seleniumhq\selenium\selenium-chrome-driver\3.8.0\selenium-chrome-driver-3.8.0.jar;C:\Users\kalidass\.m2\repository\org\seleniumhq\selenium\selenium-edge-driver\3.8.0\selenium-edge-driver-3.8.0.jar;C:\Users\kalidass\.m2\repository\org\seleniumhq\selenium\selenium-firefox-driver\3.8.0\selenium-firefox-driver-3.8.0.jar;C:\Users\kalidass\.m2\repository\org\seleniumhq\selenium\selenium-ie-driver\3.8.0\selenium-ie-driver-3.8.0.jar;C:\Users\kalidass\.m2\repository\org\seleniumhq\selenium\selenium-opera-driver\3.8.0\selenium-opera-driver-3.8.0.jar;C:\Users\kalidass\.m2\repository\org\seleniumhq\selenium\selenium-safari-driver\3.8.0\selenium-safari-driver-3.8.0.jar;C:\Users\kalidass\.m2\repository\org\seleniumhq\selenium\selenium-support\3.8.0\selenium-support-3.8.0.jar;C:\Users\kalidass\.m2\repository\net\bytebuddy\byte-buddy\1.7.5\byte-buddy-1.7.5.jar;C:\Users\kalidass\.m2\repository\org\apache\commons\commons-exec\1.3\commons-exec-1.3.jar;C:\Users\kalidass\.m2\repository\commons-codec\commons-codec\1.10\commons-codec-1.10.jar;C:\Users\kalidass\.m2\repository\commons-logging\commons-logging\1.2\commons-logging-1.2.jar;C:\Users\kalidass\.m2\repository\com\google\code\gson\gson\2.8.2\gson-2.8.2.jar;C:\Users\kalidass\.m2\repository\com\google\guava\guava\23.0\guava-23.0.jar;C:\Users\kalidass\.m2\repository\com\google\code\findbugs\jsr305\1.3.9\jsr305-1.3.9.jar;C:\Users\kalidass\.m2\repository\com\google\errorprone\error_prone_annotations\2.0.18\error_prone_annotations-2.0.18.jar;C:\Users\kalidass\.m2\repository\com\google\j2objc\j2objc-annotations\1.1\j2objc-annotations-1.1.jar;C:\Users\kalidass\.m2\repository\org\codehaus\mojo\animal-sniffer-annotations\1.14\animal-sniffer-annotations-1.14.jar;C:\Users\kalidass\.m2\repository\org\apache\httpcomponents\httpclient\4.5.3\httpclient-4.5.3.jar;C:\Users\kalidass\.m2\repository\org\apache\httpcomponents\httpcore\4.4.6\httpcore-4.4.6.jar;C:\Users\kalidass\.m2\repository\org\seleniumhq\selenium\selenium-remote-driver\3.8.0\selenium-remote-driver-3.8.0.jar;C:\Users\kalidass\.m2\repository\org\testng\testng\6.13.1\testng-6.13.1.jar;C:\Users\kalidass\.m2\repository\com\beust\jcommander\1.72\jcommander-1.72.jar;C:\Users\kalidass\.m2\repository\net\sf\ucanaccess\ucanaccess\4.0.2\ucanaccess-4.0.2.jar;C:\Users\kalidass\.m2\repository\org\hsqldb\hsqldb\2.3.1\hsqldb-2.3.1.jar;C:\Users\kalidass\.m2\repository\com\healthmarketscience\jackcess\jackcess\2.1.6\jackcess-2.1.6.jar;C:\Users\kalidass\.m2\repository\commons-lang\commons-lang\2.6\commons-lang-2.6.jar;C:\Users\kalidass\.m2\repository\org\mockito\mockito-core\2.7.22\mockito-core-2.7.22.jar;C:\Users\kalidass\.m2\repository\net\bytebuddy\byte-buddy-agent\1.6.11\byte-buddy-agent-1.6.11.jar;C:\Users\kalidass\.m2\repository\org\objenesis\objenesis\2.5\objenesis-2.5.jar;C:\Users\kalidass\.m2\repository\org\apache\maven\surefire\surefire-testng-utils\2.21.0\surefire-testng-utils-2.21.0.jar;C:\Users\kalidass\.m2\repository\org\apache\maven\surefire\surefire-grouper\2.21.0\surefire-grouper-2.21.0.jar;"/>
    <property name="sun.cpu.endian" value="little"/>
    <property name="user.home" value="C:\Users\kalidass"/>
    <property name="user.language" value="en"/>
    <property name="java.specification.vendor" value="Oracle Corporation"/>
    <property name="java.home" value="C:\Opt\Java\jdk1.8.0_151\jre"/>
    <property name="basedir" value="C:\Users\kalidass\Documents\workspace-sts-3.9.1.RELEASE\WebdriverTest"/>
    <property name="file.separator" value="\"/>
    <property name="line.separator" value="&#10;"/>
    <property name="java.vm.specification.vendor" value="Oracle Corporation"/>
    <property name="java.specification.name" value="Java Platform API Specification"/>
    <property name="java.awt.graphicsenv" value="sun.awt.Win32GraphicsEnvironment"/>
    <property name="surefire.real.class.path" value="C:\Users\kalidass\AppData\Local\Temp\2\surefire5788424925750246065\surefirebooter2182718628261531156.jar"/>
    <property name="sun.boot.class.path" value="C:\Opt\Java\jdk1.8.0_151\jre\lib\resources.jar;C:\Opt\Java\jdk1.8.0_151\jre\lib\rt.jar;C:\Opt\Java\jdk1.8.0_151\jre\lib\sunrsasign.jar;C:\Opt\Java\jdk1.8.0_151\jre\lib\jsse.jar;C:\Opt\Java\jdk1.8.0_151\jre\lib\jce.jar;C:\Opt\Java\jdk1.8.0_151\jre\lib\charsets.jar;C:\Opt\Java\jdk1.8.0_151\jre\lib\jfr.jar;C:\Opt\Java\jdk1.8.0_151\jre\classes"/>
    <property name="user.script" value=""/>
    <property name="sun.management.compiler" value="HotSpot 64-Bit Tiered Compilers"/>
    <property name="java.runtime.version" value="1.8.0_151-b12"/>
    <property name="user.name" value="kalidass"/>
    <property name="path.separator" value=";"/>
    <property name="os.version" value="10.0"/>
    <property name="java.endorsed.dirs" value="C:\Opt\Java\jdk1.8.0_151\jre\lib\endorsed"/>
    <property name="java.runtime.name" value="Java(TM) SE Runtime Environment"/>
    <property name="file.encoding" value="Cp1252"/>
    <property name="java.vm.name" value="Java HotSpot(TM) 64-Bit Server VM"/>
    <property name="localRepository" value="C:\Users\kalidass\.m2\repository"/>
    <property name="java.vendor.url.bug" value="http://bugreport.sun.com/bugreport/"/>
    <property name="java.io.tmpdir" value="C:\Users\kalidass\AppData\Local\Temp\2\"/>
    <property name="java.version" value="1.8.0_151"/>
    <property name="user.dir" value="C:\Users\kalidass\Documents\workspace-sts-3.9.1.RELEASE\WebdriverTest"/>
    <property name="os.arch" value="amd64"/>
    <property name="java.vm.specification.name" value="Java Virtual Machine Specification"/>
    <property name="java.awt.printerjob" value="sun.awt.windows.WPrinterJob"/>
    <property name="sun.os.patch.level" value=""/>
    <property name="java.library.path" value="C:\Opt\Java\jdk1.8.0_151\jre\bin;C:\Windows\Sun\Java\bin;C:\Windows\system32;C:\Windows;C:\Windows\system32;C:\Windows;C:\Windows\System32\Wbem;C:\Windows\System32\WindowsPowerShell\v1.0\;C:\Opt\Java\jdk1.8.0_151\bin;C:\Opt\Cloud Foundry;C:\Opt\apache-maven-3.5.2\bin;C:\Users\kalidass\AppData\Local\Microsoft\WindowsApps;;C:\Program Files\Docker;C:\Users\kalidass\AppData\Local\Microsoft\WindowsApps;C:\Users\kalidass\AppData\Local\GitHubDesktop\bin;."/>
    <property name="java.vm.info" value="mixed mode"/>
    <property name="java.vendor" value="Oracle Corporation"/>
    <property name="java.vm.version" value="25.151-b12"/>
    <property name="java.ext.dirs" value="C:\Opt\Java\jdk1.8.0_151\jre\lib\ext;C:\Windows\Sun\Java\lib\ext"/>
    <property name="sun.io.unicode.encoding" value="UnicodeLittle"/>
    <property name="java.class.version" value="52.0"/>
  </properties>
</testsuite>