<?xml version="1.0" encoding="UTF-8"?>
<!-- Generated by org.testng.reporters.JUnitReportReporter -->
<testsuite skipped="0" hostname="docker-host" name="io.kali.selenium.testng.WebDriverDemoTest" tests="1" failures="0" timestamp="08 May 2018 14:10:26 GMT" time="1.941" errors="0">
  <testcase name="testEasy" time="1.941" classname="io.kali.selenium.testng.WebDriverDemoTest"/>
</testsuite> <!-- io.kali.selenium.testng.WebDriverDemoTest -->
